2022/11/20:El usuario leandro dio de alta al docente  Oscar con la cedula  591206
2022/11/20:El usuario leandro dio de alta al docente  Raul con la cedula  5696921301
2022/11/20:El usuario leandro dio de alta al docente  Primo con la cedula  712
2022/11/20:El usuario leandro creo registro de falta del docente  Leandro con la cedula  3 con la fecha de inicio  2022/04/07  y la fecha de fin 2022/04/08
2022/11/20:El usuario leandro creo registro de falta del docente  Leandro con la cedula  3 con la fecha de inicio  2022/03/04  y la fecha de fin 2022/03/05
2022/11/20:El usuario leandro creo registro de falta del docente  Leandro con la cedula  3 con la fecha de inicio  2022/05/07  y la fecha de fin 2022/05/08
2022/11/20:El usuario leandro cambio la cedula 3 por la cedula  712
2022/11/20:El usuario leandro cambio la cedula 712 por la cedula  3
2022/11/20:El usuario leandro cambio la cedula 3 por la cedula  712
2022/11/20:El usuario leandro cambio la cedula 712 por la cedula  3
2022/11/20:El usuario leandro creo registro de falta del docente  Leandro con la cedula  3 con la fecha de inicio  2022/03/04  y la fecha de fin 2022/03/07
2022/11/20:El usuario leandro creo registro de falta del docente  Leandro con la cedula  3 con la fecha de inicio  2022/05/07  y la fecha de fin 2022/05/08
2022/11/20:El usuario leandro cambio la cedula 3 por la cedula  712
2022/11/20:El usuario leandro cambio la cedula 3 por la cedula  712
2022/11/20:El usuario leandro cambio la cedula 712 por la cedula  3
2022/11/20:El usuario leandro cambio la cedula 712 por la cedula  3
2022/11/20:El usuario leandro cambio la cedula 712 por la cedula  3
2022/11/20:El usuario leandro cambio la cedula 712 por la cedula  3
2022/11/20:El usuario leandro cambio la cedula 712 por la cedula  3
2022/11/20:El usuario leandro cambio la cedula 3 por la cedula  712
2022/11/20:El usuario leandro cambio la cedula 712 por la cedula  3
2022/11/20:El usuario leandro cambio la cedula 3 por la cedula  712
2022/11/20:El usuario leandro cambio la cedula 3 por la cedula  712
2022/11/20:El usuario leandro cambio la cedula 3 por la cedula  712
2022/11/20:El usuario leandro cambio la cedula 3 por la cedula  712
2022/11/20:El usuario leandro cambio la cedula 3 por la cedula  712
2022/11/20:El usuario leandro cambio la cedula 3 por la cedula  712
2022/11/20:El usuario leandro cambio la cedula 3 por la cedula  5582
2022/11/20:El usuario leandro cambio la cedula 3 por la cedula  712
